Arguments: 
  C:\Program Files\nodejs\node.exe C:\Program Files (x86)\Yarn\bin\yarn.js android

PATH: 
  C:\Users\thiago.ramos\bin;C:\Program Files\Git\mingw64\bin;C:\Program Files\Git\usr\local\bin;C:\Program Files\Git\usr\bin;C:\Program Files\Git\usr\bin;C:\Program Files\Git\mingw64\bin;C:\Program Files\Git\usr\bin;C:\Users\thiago.ramos\bin;C:\Python27;C:\Python27\Scripts;C:\ProgramData\Oracle\Java\javapath;C:\Program Files (x86)\Intel\iCLS Client;C:\Program Files\Intel\iCLS Client;C:\WINDOWS\system32;C:\WINDOWS;C:\WINDOWS\System32\Wbem;C:\WINDOWS\System32\WindowsPowerShell\v1.0;C:\Program Files (x86)\Intel\Intel(R) Management Engine Components\DAL;C:\Program Files\Intel\Intel(R) Management Engine Components\DAL;C:\Program Files (x86)\Intel\Intel(R) Management Engine Components\IPT;C:\Program Files\Intel\Intel(R) Management Engine Components\IPT;C:\WINDOWS\System32\OpenSSH;C:\Program Files (x86)\Microsoft SQL Server\Client SDK\ODBC\130\Tools\Binn;C:\Program Files (x86)\Microsoft SQL Server\140\Tools\Binn;C:\Program Files (x86)\Microsoft SQL Server\140\DTS\Binn;C:\Program Files (x86)\Microsoft SQL Server\140\Tools\Binn\ManagementStudio;C:\ProgramData\chocolatey\bin;C:\Program Files\Java\jdk1.8.0_211\bin;C:\Program Files (x86)\Yarn\bin;C:\Program Files\Git\cmd;C:\Program Files\nodejs;C:\Users\thiago.ramos\AppData\Local\Microsoft\WindowsApps;C:\Users\thiago.ramos\AppData\Local\Programs\Microsoft VS Code\bin;C:\Users\thiago.ramos\AppData\Local\Android\Sdk\platform-tools;C:\Users\thiago.ramos\AppData\Local\Android\Sdk\emulator;C:\Users\thiago.ramos\AppData\Local\Android\Sdk\tools;C:\Users\thiago.ramos\AppData\Local\Android\Sdk\tools\bin;C:\Users\thiago.ramos\AppData\Local\Yarn\bin;C:\Program Files (x86)\Microsoft Visual Studio\2017\BuildTools\MSBuild\15.0\Bin;C:\Users\thiago.ramos\AppData\Roaming\npm;C:\Program Files\Git\usr\bin\vendor_perl;C:\Program Files\Git\usr\bin\core_perl

Yarn version: 
  1.15.2

Node version: 
  12.14.1

Platform: 
  win32 x64

Trace: 
  SyntaxError: C:\Users\thiago.ramos\Desktop\APPs\package.json: Unexpected token } in JSON at position 285
      at JSON.parse (<anonymous>)
      at C:\Program Files (x86)\Yarn\lib\cli.js:1625:59
      at Generator.next (<anonymous>)
      at step (C:\Program Files (x86)\Yarn\lib\cli.js:304:30)
      at C:\Program Files (x86)\Yarn\lib\cli.js:315:13

npm manifest: 
  {
    "name": "apps",
    "version": "1.0.0",
    "main": "index.js",
    "repository": "https://github.com/Thiagodenirramos/abepom.git",
    "author": "Thiago-ABEPOM <thiago.denir.ramos@hotmail.com>",
    "license": "MIT",
    "scripts": {
      "android": "cd abepom && react-native run-android",
    }
  }

yarn manifest: 
  No manifest

Lockfile: 
  No lockfile
